app/build/intermediates/manifest_merge_blame_file/debug/manifest-merger-blame-debug-report.txt
1<?xml version="1.0" encoding="utf-8"?>
2<manifest xmlns:android="http://schemas.android.com/apk/res/android"
3    package="com.example.vasclientv2"
4    android:versionCode="2"
5    android:versionName="1.2.0" >
6
7    <uses-sdk
8        android:minSdkVersion="21"
8-->src\main\AndroidManifest.xml
9        android:targetSdkVersion="30" />
9-->src\main\AndroidManifest.xml
10
11    <uses-permission android:name="android.permission.INTERNET" />
11-->src\main\AndroidManifest.xml:6:5-67
11-->src\main\AndroidManifest.xml:6:22-64
12    <uses-permission android:name="android.permission.NFC" />
12-->src\main\AndroidManifest.xml:7:5-62
12-->src\main\AndroidManifest.xml:7:22-59
13    <uses-permission android:name="android.permission.CAMERA" />
13-->src\main\AndroidManifest.xml:8:5-65
13-->src\main\AndroidManifest.xml:8:22-62
14    <uses-permission android:name="android.permission.VIBRATE" />
14-->src\main\AndroidManifest.xml:9:5-66
14-->src\main\AndroidManifest.xml:9:22-63
15    <uses-permission android:name="android.permission.WRITE_EXTERNAL_STORAGE" />
15-->src\main\AndroidManifest.xml:10:5-81
15-->src\main\AndroidManifest.xml:10:22-78
16    <uses-permission android:name="android.permission.REQUEST_INSTALL_PACKAGES" />
16-->src\main\AndroidManifest.xml:11:5-83
16-->src\main\AndroidManifest.xml:11:22-80
17
18    <uses-feature
18-->src\main\AndroidManifest.xml:13:5-15:35
19        android:name="android.hardware.nfc"
19-->src\main\AndroidManifest.xml:14:9-44
20        android:required="true" />
20-->src\main\AndroidManifest.xml:15:9-32
21    <uses-feature
21-->src\main\AndroidManifest.xml:16:5-18:35
22        android:name="android.hardware.camera"
22-->src\main\AndroidManifest.xml:17:9-47
23        android:required="true" />
23-->src\main\AndroidManifest.xml:18:9-32
24    <uses-feature android:name="android.hardware.camera.autofocus" />
24-->src\main\AndroidManifest.xml:19:5-70
24-->src\main\AndroidManifest.xml:19:19-67
25
26    <uses-permission android:name="android.permission.WRITE_EXTERNAL_STORAGE" />
26-->src\main\AndroidManifest.xml:10:5-81
26-->src\main\AndroidManifest.xml:10:22-78
27    <uses-permission android:name="android.permission.READ_EXTERNAL_STORAGE" />
27-->src\main\AndroidManifest.xml:22:5-80
27-->src\main\AndroidManifest.xml:22:22-77
28
29    <!-- Include required permissions for Google Maps API to run. -->
30    <uses-permission android:name="android.permission.ACCESS_NETWORK_STATE" />
30-->[com.google.android.gms:play-services-maps:17.0.1] AndroidManifest.xml:23:5-79
30-->[com.google.android.gms:play-services-maps:17.0.1] AndroidManifest.xml:23:22-76
31
32    <uses-feature
32-->[com.google.android.gms:play-services-maps:17.0.1] AndroidManifest.xml:26:5-28:35
33        android:glEsVersion="0x00020000"
33-->[com.google.android.gms:play-services-maps:17.0.1] AndroidManifest.xml:27:9-41
34        android:required="true" />
34-->[com.google.android.gms:play-services-maps:17.0.1] AndroidManifest.xml:28:9-32
35
36    <queries>
36-->[com.google.android.gms:play-services-maps:17.0.1] AndroidManifest.xml:30:5-34:15
37
38        <!-- Needs to be explicitly declared on Android R+ -->
39        <package android:name="com.google.android.apps.maps" />
39-->[com.google.android.gms:play-services-maps:17.0.1] AndroidManifest.xml:33:9-64
39-->[com.google.android.gms:play-services-maps:17.0.1] AndroidManifest.xml:33:18-61
40    </queries>
41
42    <uses-permission android:name="android.permission.WAKE_LOCK" /> <!-- Required by older versions of Google Play services to create IID tokens -->
42-->[com.google.firebase:firebase-iid:21.0.0] AndroidManifest.xml:24:5-68
42-->[com.google.firebase:firebase-iid:21.0.0] AndroidManifest.xml:24:22-65
43    <uses-permission android:name="com.google.android.c2dm.permission.RECEIVE" />
43-->[com.google.firebase:firebase-iid:21.0.0] AndroidManifest.xml:26:5-82
43-->[com.google.firebase:firebase-iid:21.0.0] AndroidManifest.xml:26:22-79
44    <uses-permission android:name="com.google.android.finsky.permission.BIND_GET_INSTALL_REFERRER_SERVICE" />
44-->[com.google.android.gms:play-services-measurement:18.0.0] AndroidManifest.xml:26:5-110
44-->[com.google.android.gms:play-services-measurement:18.0.0] AndroidManifest.xml:26:22-107
45
46    <application
46-->src\main\AndroidManifest.xml:24:5-189:19
47        android:appComponentFactory="androidx.core.app.CoreComponentFactory"
47-->[androidx.core:core:1.3.1] AndroidManifest.xml:24:18-86
48        android:debuggable="true"
49        android:icon="@mipmap/ic_launcher"
49-->src\main\AndroidManifest.xml:25:9-43
50        android:label="@string/app_name"
50-->src\main\AndroidManifest.xml:26:9-41
51        android:roundIcon="@mipmap/ic_launcher"
51-->src\main\AndroidManifest.xml:27:9-48
52        android:supportsRtl="true"
52-->src\main\AndroidManifest.xml:28:9-35
53        android:theme="@style/Theme.VasClient"
53-->src\main\AndroidManifest.xml:29:9-47
54        android:usesCleartextTraffic="true" >
54-->src\main\AndroidManifest.xml:30:9-44
55
56        <!--
57             TODO: Before you run your application, you need a Google Maps API key.
58
59             To get one, follow the directions here:
60
61                https://developers.google.com/maps/documentation/android-sdk/get-api-key
62
63             Once you have your API key (it starts with "AIza"), define a new property in your
64             project's local.properties file (e.g. MAPS_API_KEY=Aiza...), and replace the
65             "YOUR_API_KEY" string in this file with "${MAPS_API_KEY}".
66        -->
67        <meta-data
67-->src\main\AndroidManifest.xml:44:9-46:44
68            android:name="com.google.android.geo.API_KEY"
68-->src\main\AndroidManifest.xml:45:13-58
69            android:value="YOUR_API_KEY" />
69-->src\main\AndroidManifest.xml:46:13-41
70
71        <activity
71-->src\main\AndroidManifest.xml:48:9-52:60
72            android:name="com.example.vasclientv2.truongkiemlieu.DestroyPhieuKLActivity"
72-->src\main\AndroidManifest.xml:49:13-66
73            android:exported="true"
73-->src\main\AndroidManifest.xml:50:13-36
74            android:label="@string/title_activity_destroy"
74-->src\main\AndroidManifest.xml:51:13-59
75            android:theme="@style/Theme.VasClient.Basic" />
75-->src\main\AndroidManifest.xml:52:13-57
76        <activity
76-->src\main\AndroidManifest.xml:53:9-57:60
77            android:name="com.example.vasclientv2.baove.tagmanager.reactivetag.ReactiveTagLostActivity"
77-->src\main\AndroidManifest.xml:54:13-81
78            android:label="@string/title_activity_reactiveTag"
78-->src\main\AndroidManifest.xml:55:13-63
79            android:screenOrientation="portrait"
79-->src\main\AndroidManifest.xml:56:13-49
80            android:theme="@style/Theme.VasClient.Basic" />
80-->src\main\AndroidManifest.xml:57:13-57
81        <activity android:name="com.example.vasclientv2.baove.vehiclein.newvehicle.AddNewVehicleActivity" />
81-->src\main\AndroidManifest.xml:58:9-86
81-->src\main\AndroidManifest.xml:58:19-83
82        <activity
82-->src\main\AndroidManifest.xml:59:9-63:60
83            android:name="com.example.vasclientv2.baove.tagmanager.taginfo.ScanTagActivity"
83-->src\main\AndroidManifest.xml:60:13-69
84            android:label="@string/title_activity_scanTag"
84-->src\main\AndroidManifest.xml:61:13-59
85            android:screenOrientation="portrait"
85-->src\main\AndroidManifest.xml:62:13-49
86            android:theme="@style/Theme.VasClient.Basic" />
86-->src\main\AndroidManifest.xml:63:13-57
87        <activity
87-->src\main\AndroidManifest.xml:64:9-68:60
88            android:name="com.example.vasclientv2.baove.tagmanager.taginfo.TagInfoActivity"
88-->src\main\AndroidManifest.xml:65:13-69
89            android:label="@string/title_activity_tagInfo"
89-->src\main\AndroidManifest.xml:66:13-59
90            android:screenOrientation="portrait"
90-->src\main\AndroidManifest.xml:67:13-49
91            android:theme="@style/Theme.VasClient.Basic" />
91-->src\main\AndroidManifest.xml:68:13-57
92        <activity
92-->src\main\AndroidManifest.xml:69:9-73:60
93            android:name="com.example.vasclientv2.baove.tagmanager.losttag.LostTagActivity"
93-->src\main\AndroidManifest.xml:70:13-69
94            android:label="@string/title_activity_lostTag"
94-->src\main\AndroidManifest.xml:71:13-59
95            android:screenOrientation="portrait"
95-->src\main\AndroidManifest.xml:72:13-49
96            android:theme="@style/Theme.VasClient.Basic" />
96-->src\main\AndroidManifest.xml:73:13-57
97
98        <meta-data
98-->src\main\AndroidManifest.xml:75:9-77:35
99            android:name="com.google.mlkit.vision.DEPENDENCIES"
99-->src\main\AndroidManifest.xml:76:13-64
100            android:value="ocr" />
100-->src\main\AndroidManifest.xml:77:13-32
101        <meta-data
101-->src\main\AndroidManifest.xml:78:9-80:71
102            android:name="com.google.firebase.messaging.default_notification_channel_id"
102-->src\main\AndroidManifest.xml:79:13-89
103            android:value="@string/default_notification_channel_id" />
103-->src\main\AndroidManifest.xml:80:13-68
104        <meta-data
104-->src\main\AndroidManifest.xml:81:9-83:37
105            android:name="firebase_messaging_auto_init_enabled"
105-->src\main\AndroidManifest.xml:82:13-64
106            android:value="false" />
106-->src\main\AndroidManifest.xml:83:13-34
107        <meta-data
107-->src\main\AndroidManifest.xml:84:9-86:37
108            android:name="firebase_analytics_collection_enabled"
108-->src\main\AndroidManifest.xml:85:13-65
109            android:value="false" />
109-->src\main\AndroidManifest.xml:86:13-34
110
111        <activity
111-->src\main\AndroidManifest.xml:88:9-92:60
112            android:name="com.example.vasclientv2.admin.adminsetting.AdminSettingActivity"
112-->src\main\AndroidManifest.xml:89:13-68
113            android:label="@string/title_activity_settings"
113-->src\main\AndroidManifest.xml:90:13-60
114            android:screenOrientation="portrait"
114-->src\main\AndroidManifest.xml:91:13-49
115            android:theme="@style/Theme.VasClient.Basic" />
115-->src\main\AndroidManifest.xml:92:13-57
116        <activity
116-->src\main\AndroidManifest.xml:93:9-97:60
117            android:name="com.example.vasclientv2.admin.createuser.CreateUserActivity"
117-->src\main\AndroidManifest.xml:94:13-64
118            android:label="@string/title_activity_create_user"
118-->src\main\AndroidManifest.xml:95:13-63
119            android:screenOrientation="portrait"
119-->src\main\AndroidManifest.xml:96:13-49
120            android:theme="@style/Theme.VasClient.Basic" />
120-->src\main\AndroidManifest.xml:97:13-57
121        <activity
121-->src\main\AndroidManifest.xml:98:9-102:60
122            android:name="com.example.vasclientv2.admin.resetpass.ResetPassUserActivity"
122-->src\main\AndroidManifest.xml:99:13-66
123            android:label="@string/title_activity_reset_password"
123-->src\main\AndroidManifest.xml:100:13-66
124            android:screenOrientation="portrait"
124-->src\main\AndroidManifest.xml:101:13-49
125            android:theme="@style/Theme.VasClient.Basic" />
125-->src\main\AndroidManifest.xml:102:13-57
126        <activity
126-->src\main\AndroidManifest.xml:103:9-107:60
127            android:name="com.example.vasclientv2.admin.AdminActivity"
127-->src\main\AndroidManifest.xml:104:13-48
128            android:label="@string/title_activity_admin_dashdoard"
128-->src\main\AndroidManifest.xml:105:13-67
129            android:screenOrientation="portrait"
129-->src\main\AndroidManifest.xml:106:13-49
130            android:theme="@style/Theme.VasClient.Basic" />
130-->src\main\AndroidManifest.xml:107:13-57
131        <activity
131-->src\main\AndroidManifest.xml:108:9-112:60
132            android:name="com.example.vasclientv2.setting.SettingsActivity"
132-->src\main\AndroidManifest.xml:109:13-53
133            android:label="@string/title_activity_settings"
133-->src\main\AndroidManifest.xml:110:13-60
134            android:screenOrientation="portrait"
134-->src\main\AndroidManifest.xml:111:13-49
135            android:theme="@style/Theme.VasClient.Basic" />
135-->src\main\AndroidManifest.xml:112:13-57
136        <activity
136-->src\main\AndroidManifest.xml:113:9-117:60
137            android:name="com.example.vasclientv2.userconfig.ChangePasswordActivity"
137-->src\main\AndroidManifest.xml:114:13-62
138            android:label="@string/change_password"
138-->src\main\AndroidManifest.xml:115:13-52
139            android:screenOrientation="portrait"
139-->src\main\AndroidManifest.xml:116:13-49
140            android:theme="@style/Theme.VasClient.Basic" />
140-->src\main\AndroidManifest.xml:117:13-57
141        <activity
141-->src\main\AndroidManifest.xml:118:9-122:60
142            android:name="com.example.vasclientv2.baove.vehiclein.ScanBsxActivity"
142-->src\main\AndroidManifest.xml:119:13-60
143            android:label="@string/scan_bsx"
143-->src\main\AndroidManifest.xml:120:13-45
144            android:screenOrientation="portrait"
144-->src\main\AndroidManifest.xml:121:13-49
145            android:theme="@style/Theme.VasClient.Basic" />
145-->src\main\AndroidManifest.xml:122:13-57
146        <activity
146-->src\main\AndroidManifest.xml:123:9-126:60
147            android:name="com.example.vasclientv2.truongkiemlieu.TruongKiemLieuConfirmActivity"
147-->src\main\AndroidManifest.xml:124:13-73
148            android:label="@string/duyet_kl"
148-->src\main\AndroidManifest.xml:125:13-45
149            android:theme="@style/Theme.VasClient.Basic" />
149-->src\main\AndroidManifest.xml:126:13-57
150        <activity
150-->src\main\AndroidManifest.xml:127:9-131:66
151            android:name="com.example.vasclientv2.truongkiemlieu.TruongKiemLieuActivity"
151-->src\main\AndroidManifest.xml:128:13-66
152            android:label="@string/app_name"
152-->src\main\AndroidManifest.xml:129:13-45
153            android:screenOrientation="portrait"
153-->src\main\AndroidManifest.xml:130:13-49
154            android:theme="@style/Theme.VasClient.NoActionBar" />
154-->src\main\AndroidManifest.xml:131:13-63
155        <activity
155-->src\main\AndroidManifest.xml:132:9-136:60
156            android:name="com.example.vasclientv2.baove.vehiclein.AddCheckingScrapActivity"
156-->src\main\AndroidManifest.xml:133:13-69
157            android:label="@string/add_checking_scrap_activity"
157-->src\main\AndroidManifest.xml:134:13-64
158            android:screenOrientation="portrait"
158-->src\main\AndroidManifest.xml:135:13-49
159            android:theme="@style/Theme.VasClient.Basic" />
159-->src\main\AndroidManifest.xml:136:13-57
160        <activity
160-->src\main\AndroidManifest.xml:137:9-141:60
161            android:name="com.example.vasclientv2.baove.vehiclein.SaveVehicleActivity"
161-->src\main\AndroidManifest.xml:138:13-64
162            android:label="@string/save_vehicle_activity"
162-->src\main\AndroidManifest.xml:139:13-58
163            android:screenOrientation="portrait"
163-->src\main\AndroidManifest.xml:140:13-49
164            android:theme="@style/Theme.VasClient.Basic" />
164-->src\main\AndroidManifest.xml:141:13-57
165        <activity
165-->src\main\AndroidManifest.xml:142:9-146:60
166            android:name="com.example.vasclientv2.kiemlieu.kiemlieu.AddInfoKLActivity"
166-->src\main\AndroidManifest.xml:143:13-64
167            android:label="@string/add_info_kl_activity"
167-->src\main\AndroidManifest.xml:144:13-57
168            android:screenOrientation="portrait"
168-->src\main\AndroidManifest.xml:145:13-49
169            android:theme="@style/Theme.VasClient.Basic" />
169-->src\main\AndroidManifest.xml:146:13-57
170        <activity
170-->src\main\AndroidManifest.xml:147:9-151:60
171            android:name="com.example.vasclientv2.ui.login.LoginActivity"
171-->src\main\AndroidManifest.xml:148:13-51
172            android:label="@string/title_activity_login"
172-->src\main\AndroidManifest.xml:149:13-57
173            android:screenOrientation="portrait"
173-->src\main\AndroidManifest.xml:150:13-49
174            android:theme="@style/Theme.VasClient.Login" />
174-->src\main\AndroidManifest.xml:151:13-57
175        <activity
175-->src\main\AndroidManifest.xml:152:9-160:20
176            android:name="com.example.vasclientv2.splash.SplashScreenActivity"
176-->src\main\AndroidManifest.xml:153:13-56
177            android:theme="@style/SplashTheme" >
177-->src\main\AndroidManifest.xml:154:13-47
178            <intent-filter>
178-->src\main\AndroidManifest.xml:155:13-159:29
179                <action android:name="android.intent.action.MAIN" />
179-->src\main\AndroidManifest.xml:156:17-69
179-->src\main\AndroidManifest.xml:156:25-66
180
181                <category android:name="android.intent.category.LAUNCHER" />
181-->src\main\AndroidManifest.xml:158:17-77
181-->src\main\AndroidManifest.xml:158:27-74
182            </intent-filter>
183        </activity>
184        <activity
184-->src\main\AndroidManifest.xml:161:9-165:66
185            android:name="com.example.vasclientv2.baove.BaoVeActivity"
185-->src\main\AndroidManifest.xml:162:13-48
186            android:label="@string/app_name"
186-->src\main\AndroidManifest.xml:163:13-45
187            android:screenOrientation="portrait"
187-->src\main\AndroidManifest.xml:164:13-49
188            android:theme="@style/Theme.VasClient.NoActionBar" />
188-->src\main\AndroidManifest.xml:165:13-63
189        <activity
189-->src\main\AndroidManifest.xml:166:9-170:66
190            android:name="com.example.vasclientv2.kiemlieu.KiemLieuActivity"
190-->src\main\AndroidManifest.xml:167:13-54
191            android:label="@string/app_name"
191-->src\main\AndroidManifest.xml:168:13-45
192            android:screenOrientation="portrait"
192-->src\main\AndroidManifest.xml:169:13-49
193            android:theme="@style/Theme.VasClient.NoActionBar" />
193-->src\main\AndroidManifest.xml:170:13-63
194
195        <service
195-->src\main\AndroidManifest.xml:172:9-178:19
196            android:name="com.example.vasclientv2.message.MyFirebaseMessagingService"
196-->src\main\AndroidManifest.xml:173:13-63
197            android:exported="false" >
197-->src\main\AndroidManifest.xml:174:13-37
198            <intent-filter>
198-->src\main\AndroidManifest.xml:175:13-177:29
199                <action android:name="com.google.firebase.MESSAGING_EVENT" />
199-->src\main\AndroidManifest.xml:176:17-78
199-->src\main\AndroidManifest.xml:176:25-75
200            </intent-filter>
201        </service>
202
203        <provider
204            android:name="androidx.core.content.FileProvider"
204-->src\main\AndroidManifest.xml:181:13-62
205            android:authorities="com.example.vasclientv2.provider"
205-->src\main\AndroidManifest.xml:182:13-60
206            android:exported="false"
206-->src\main\AndroidManifest.xml:183:13-37
207            android:grantUriPermissions="true" >
207-->src\main\AndroidManifest.xml:184:13-47
208            <meta-data
208-->src\main\AndroidManifest.xml:185:13-187:58
209                android:name="android.support.FILE_PROVIDER_PATHS"
209-->src\main\AndroidManifest.xml:186:17-67
210                android:resource="@xml/provider_paths" />
210-->src\main\AndroidManifest.xml:187:17-55
211        </provider>
212
213        <service
213-->[com.google.android.gms:play-services-mlkit-text-recognition:16.1.1] AndroidManifest.xml:9:9-15:19
214            android:name="com.google.mlkit.common.internal.MlKitComponentDiscoveryService"
214-->[com.google.android.gms:play-services-mlkit-text-recognition:16.1.1] AndroidManifest.xml:10:13-91
215            android:directBootAware="true"
215-->[com.google.mlkit:common:17.0.0] AndroidManifest.xml:17:13-43
216            android:exported="false" >
216-->[com.google.android.gms:play-services-mlkit-text-recognition:16.1.1] AndroidManifest.xml:11:13-37
217            <meta-data
217-->[com.google.android.gms:play-services-mlkit-text-recognition:16.1.1] AndroidManifest.xml:12:13-14:85
218                android:name="com.google.firebase.components:com.google.mlkit.vision.text.internal.TextRegistrar"
218-->[com.google.android.gms:play-services-mlkit-text-recognition:16.1.1] AndroidManifest.xml:13:17-114
219                android:value="com.google.firebase.components.ComponentRegistrar" />
219-->[com.google.android.gms:play-services-mlkit-text-recognition:16.1.1] AndroidManifest.xml:14:17-82
220            <meta-data
220-->[com.google.mlkit:vision-common:16.1.0] AndroidManifest.xml:12:13-14:85
221                android:name="com.google.firebase.components:com.google.mlkit.vision.common.internal.VisionCommonRegistrar"
221-->[com.google.mlkit:vision-common:16.1.0] AndroidManifest.xml:13:17-124
222                android:value="com.google.firebase.components.ComponentRegistrar" />
222-->[com.google.mlkit:vision-common:16.1.0] AndroidManifest.xml:14:17-82
223            <meta-data
223-->[com.google.mlkit:common:17.0.0] AndroidManifest.xml:20:13-22:85
224                android:name="com.google.firebase.components:com.google.mlkit.common.internal.CommonComponentRegistrar"
224-->[com.google.mlkit:common:17.0.0] AndroidManifest.xml:21:17-120
225                android:value="com.google.firebase.components.ComponentRegistrar" />
225-->[com.google.mlkit:common:17.0.0] AndroidManifest.xml:22:17-82
226        </service>
227        <!--
228             FirebaseMessagingService performs security checks at runtime,
229             but set to not exported to explicitly avoid allowing another app to call it.
230        -->
231        <service
231-->[com.google.firebase:firebase-messaging:21.0.0] AndroidManifest.xml:28:9-35:19
232            android:name="com.google.firebase.messaging.FirebaseMessagingService"
232-->[com.google.firebase:firebase-messaging:21.0.0] AndroidManifest.xml:29:13-82
233            android:directBootAware="true"
233-->[com.google.firebase:firebase-messaging:21.0.0] AndroidManifest.xml:30:13-43
234            android:exported="false" >
234-->[com.google.firebase:firebase-messaging:21.0.0] AndroidManifest.xml:31:13-37
235            <intent-filter android:priority="-500" >
235-->src\main\AndroidManifest.xml:175:13-177:29
236                <action android:name="com.google.firebase.MESSAGING_EVENT" />
236-->src\main\AndroidManifest.xml:176:17-78
236-->src\main\AndroidManifest.xml:176:25-75
237            </intent-filter>
238        </service>
239        <service
239-->[com.google.firebase:firebase-messaging:21.0.0] AndroidManifest.xml:36:9-42:19
240            android:name="com.google.firebase.components.ComponentDiscoveryService"
240-->[com.google.firebase:firebase-messaging:21.0.0] AndroidManifest.xml:37:13-84
241            android:directBootAware="true"
241-->[com.google.firebase:firebase-common:19.4.0] AndroidManifest.xml:35:13-43
242            android:exported="false" >
242-->[com.google.firebase:firebase-messaging:21.0.0] AndroidManifest.xml:38:13-37
243            <meta-data
243-->[com.google.firebase:firebase-messaging:21.0.0] AndroidManifest.xml:39:13-41:85
244                android:name="com.google.firebase.components:com.google.firebase.messaging.FirebaseMessagingRegistrar"
244-->[com.google.firebase:firebase-messaging:21.0.0] AndroidManifest.xml:40:17-119
245                android:value="com.google.firebase.components.ComponentRegistrar" />
245-->[com.google.firebase:firebase-messaging:21.0.0] AndroidManifest.xml:41:17-82
246            <meta-data
246-->[com.google.firebase:firebase-iid:21.0.0] AndroidManifest.xml:32:13-34:85
247                android:name="com.google.firebase.components:com.google.firebase.iid.Registrar"
247-->[com.google.firebase:firebase-iid:21.0.0] AndroidManifest.xml:33:17-96
248                android:value="com.google.firebase.components.ComponentRegistrar" />
248-->[com.google.firebase:firebase-iid:21.0.0] AndroidManifest.xml:34:17-82
249            <meta-data
249-->[com.google.android.gms:play-services-measurement-api:18.0.0] AndroidManifest.xml:30:13-32:85
250                android:name="com.google.firebase.components:com.google.firebase.analytics.connector.internal.AnalyticsConnectorRegistrar"
250-->[com.google.android.gms:play-services-measurement-api:18.0.0] AndroidManifest.xml:31:17-139
251                android:value="com.google.firebase.components.ComponentRegistrar" />
251-->[com.google.android.gms:play-services-measurement-api:18.0.0] AndroidManifest.xml:32:17-82
252            <meta-data
252-->[com.google.firebase:firebase-config:20.0.1] AndroidManifest.xml:32:13-34:85
253                android:name="com.google.firebase.components:com.google.firebase.remoteconfig.RemoteConfigRegistrar"
253-->[com.google.firebase:firebase-config:20.0.1] AndroidManifest.xml:33:17-117
254                android:value="com.google.firebase.components.ComponentRegistrar" />
254-->[com.google.firebase:firebase-config:20.0.1] AndroidManifest.xml:34:17-82
255            <meta-data
255-->[com.google.firebase:firebase-abt:20.0.0] AndroidManifest.xml:13:13-15:85
256                android:name="com.google.firebase.components:com.google.firebase.abt.component.AbtRegistrar"
256-->[com.google.firebase:firebase-abt:20.0.0] AndroidManifest.xml:14:17-109
257                android:value="com.google.firebase.components.ComponentRegistrar" />
257-->[com.google.firebase:firebase-abt:20.0.0] AndroidManifest.xml:15:17-82
258            <meta-data
258-->[com.google.firebase:firebase-datatransport:17.0.3] AndroidManifest.xml:28:13-30:85
259                android:name="com.google.firebase.components:com.google.firebase.datatransport.TransportRegistrar"
259-->[com.google.firebase:firebase-datatransport:17.0.3] AndroidManifest.xml:29:17-115
260                android:value="com.google.firebase.components.ComponentRegistrar" />
260-->[com.google.firebase:firebase-datatransport:17.0.3] AndroidManifest.xml:30:17-82
261            <meta-data
261-->[com.google.firebase:firebase-installations:16.3.4] AndroidManifest.xml:18:13-20:85
262                android:name="com.google.firebase.components:com.google.firebase.installations.FirebaseInstallationsRegistrar"
262-->[com.google.firebase:firebase-installations:16.3.4] AndroidManifest.xml:19:17-127
263                android:value="com.google.firebase.components.ComponentRegistrar" />
263-->[com.google.firebase:firebase-installations:16.3.4] AndroidManifest.xml:20:17-82
264        </service> <!-- Needs to be explicitly declared on P+ -->
265        <uses-library
265-->[com.google.android.gms:play-services-maps:17.0.1] AndroidManifest.xml:39:9-41:40
266            android:name="org.apache.http.legacy"
266-->[com.google.android.gms:play-services-maps:17.0.1] AndroidManifest.xml:40:13-50
267            android:required="false" />
267-->[com.google.android.gms:play-services-maps:17.0.1] AndroidManifest.xml:41:13-37
268
269        <provider
269-->[com.google.mlkit:common:17.0.0] AndroidManifest.xml:9:9-13:38
270            android:name="com.google.mlkit.common.internal.MlKitInitProvider"
270-->[com.google.mlkit:common:17.0.0] AndroidManifest.xml:10:13-78
271            android:authorities="com.example.vasclientv2.mlkitinitprovider"
271-->[com.google.mlkit:common:17.0.0] AndroidManifest.xml:11:13-69
272            android:exported="false"
272-->[com.google.mlkit:common:17.0.0] AndroidManifest.xml:12:13-37
273            android:initOrder="99" />
273-->[com.google.mlkit:common:17.0.0] AndroidManifest.xml:13:13-35
274
275        <receiver
275-->[com.google.firebase:firebase-iid:21.0.0] AndroidManifest.xml:37:9-44:20
276            android:name="com.google.firebase.iid.FirebaseInstanceIdReceiver"
276-->[com.google.firebase:firebase-iid:21.0.0] AndroidManifest.xml:38:13-78
277            android:exported="true"
277-->[com.google.firebase:firebase-iid:21.0.0] AndroidManifest.xml:39:13-36
278            android:permission="com.google.android.c2dm.permission.SEND" >
278-->[com.google.firebase:firebase-iid:21.0.0] AndroidManifest.xml:40:13-73
279            <intent-filter>
279-->[com.google.firebase:firebase-iid:21.0.0] AndroidManifest.xml:41:13-43:29
280                <action android:name="com.google.android.c2dm.intent.RECEIVE" />
280-->[com.google.firebase:firebase-iid:21.0.0] AndroidManifest.xml:42:17-81
280-->[com.google.firebase:firebase-iid:21.0.0] AndroidManifest.xml:42:25-78
281            </intent-filter>
282        </receiver>
283
284        <activity
284-->[com.google.android.gms:play-services-base:17.0.0] AndroidManifest.xml:23:9-26:75
285            android:name="com.google.android.gms.common.api.GoogleApiActivity"
285-->[com.google.android.gms:play-services-base:17.0.0] AndroidManifest.xml:24:13-79
286            android:exported="false"
286-->[com.google.android.gms:play-services-base:17.0.0] AndroidManifest.xml:25:13-37
287            android:theme="@android:style/Theme.Translucent.NoTitleBar" />
287-->[com.google.android.gms:play-services-base:17.0.0] AndroidManifest.xml:26:13-72
288
289        <receiver
289-->[com.google.android.gms:play-services-measurement:18.0.0] AndroidManifest.xml:29:9-33:20
290            android:name="com.google.android.gms.measurement.AppMeasurementReceiver"
290-->[com.google.android.gms:play-services-measurement:18.0.0] AndroidManifest.xml:30:13-85
291            android:enabled="true"
291-->[com.google.android.gms:play-services-measurement:18.0.0] AndroidManifest.xml:31:13-35
292            android:exported="false" >
292-->[com.google.android.gms:play-services-measurement:18.0.0] AndroidManifest.xml:32:13-37
293        </receiver>
294
295        <service
295-->[com.google.android.gms:play-services-measurement:18.0.0] AndroidManifest.xml:35:9-38:40
296            android:name="com.google.android.gms.measurement.AppMeasurementService"
296-->[com.google.android.gms:play-services-measurement:18.0.0] AndroidManifest.xml:36:13-84
297            android:enabled="true"
297-->[com.google.android.gms:play-services-measurement:18.0.0] AndroidManifest.xml:37:13-35
298            android:exported="false" />